Default profile on
The following packages are currently installed in /home/delporta/.guix-profile/:
glibc-locales    	2.33  	out	/gnu/store/nrr24nvf6548if5wdpvxhlvjif3x9jjp-glibc-locales-2.33
emacs            	28.2  	out	/gnu/store/s93g1adl4g7lvnppywi7xcya6fmwilw0-emacs-28.2
python           	3.9.9 	out	/gnu/store/b1c8j3z8i3wz5s1nqpkp2c9jffbws1xh-python-3.9.9
python-numpy     	1.21.6	out	/gnu/store/jm0j2fn14js6rh0zw3df012njja55jfa-python-numpy-1.21.6
python-matplotlib	3.5.2 	out	/gnu/store/mys2qva3lqzh0i2hjh1mhilq53j6x98n-python-matplotlib-3.5.2
r-devtools       	2.4.5 	out	/gnu/store/s0yarcljk9qhla607hh2n9rhwbw96s6d-r-devtools-2.4.5
r                	4.3.3 	out	/gnu/store/w083xqls0a3n9x7brasf61mbb7a3xhx6-r-4.3.3
r-ggplot2        	3.5.0 	out	/gnu/store/006fmrmz9djv7cg7084w3lnz0c1461q4-r-ggplot2-3.5.0
r-git2r          	0.33.0	out	/gnu/store/w76w9argc9md8rn9ic7hld7z7a7abrd7-r-git2r-0.33.0
r-remotes        	2.5.0 	out	/gnu/store/50d16wsjvgbi4p76zvzk8x1cgljw286g-r-remotes-2.5.0
r-tinytex        	0.50  	out	/gnu/store/3ia1iwsd2rcdc32fm2wi6n8idj93l8ay-r-tinytex-0.50
r-dplyr          	1.1.4 	out	/gnu/store/gmrll7i2bd79a0b45vrn11zs6iw1vh89-r-dplyr-1.1.4
r-jsonlite       	1.8.8 	out	/gnu/store/p4apxyd2raf2ci4d8hlnaz3qqmqrikyh-r-jsonlite-1.8.8
r-sf             	1.0-15	out	/gnu/store/4idgmqdjlkw9d750gxybq254l5sbjw8l-r-sf-1.0-15
r-sp             	2.1-3 	out	/gnu/store/y0351fl3hiv3yz4hqcz40dpxrl90xk5y-r-sp-2.1-3
r-ggmap          	4.0.0 	out	/gnu/store/c0mrpxrbgk71ck4crcffg6fxzi12g8q2-r-ggmap-4.0.0
r-gganimate      	1.0.9 	out	/gnu/store/64pzrmzsqgpmn6hd2l0d2wf578zrwafi-r-gganimate-1.0.9
r-transformr     	0.1.5 	out	/gnu/store/n28j6dq0707rhxjybgy4xw06xqlr24sm-r-transformr-0.1.5
r-zoo            	1.8-12	out	/gnu/store/v14fqfngdykkyx2fn9zvl3mls6skw02v-r-zoo-1.8-12
nss-certs        	3.88.1	out	/gnu/store/5y39gqnvlfrw9gxyxbqqkdr8cxgp1fa1-nss-certs-3.88.1
r-latex2exp      	0.9.6 	out	/gnu/store/rdsijrc5hk09ipx1jawhbdpl0smfcpgb-r-latex2exp-0.9.6
r-plotly         	4.10.4	out	/gnu/store/ji59srz1dcq364wc21f5wwwxymdkrzqb-r-plotly-4.10.4
r-htmlwidgets    	1.6.4 	out	/gnu/store/6dni67ic1hc9g6ahi0l92sqns265nwcz-r-htmlwidgets-1.6.4
r-tidyr          	1.3.1 	out	/gnu/store/gsrhh61mcdzs8qgvdnskbjswsyag8m1j-r-tidyr-1.3.1
r-progress       	1.2.3 	out	/gnu/store/4ib612s4nv4k0zl4q89pxrwb4hhlpgck-r-progress-1.2.3
r-stringr        	1.5.1 	out	/gnu/store/pgdffcpzrnc09zrji1k7sm3jhwg2pirl-r-stringr-1.5.1
r-mgcv           	1.9-1 	out	/gnu/store/c6h8a1m3lyba31yipabni5i8hma7a048-r-mgcv-1.9-1
git-lfs          	3.4.0 	out	/gnu/store/kpyk4bvin4al4gjf8fxvngnkvg3fkn0g-git-lfs-3.4.0
r-hmisc          	5.1-2 	out	/gnu/store/lsd33bgmcvyhb8wdmzgsbfvbgy5l8pg3-r-hmisc-5.1-2
r-foreach        	1.5.2 	out	/gnu/store/zx16abbq4yk51zwiq3s2abzs9cwx4kwp-r-foreach-1.5.2
r-doparallel     	1.0.17	out	/gnu/store/v0v3c6m427b2a9jq3hgcjckqyjh6l2nd-r-doparallel-1.0.17

R version 4.3.3 (2024-02-29) -- "Angel Food Cake"
Copyright (C) 2024 The R Foundation for Statistical Computing
Platform: x86_64-unknown-linux-gnu (64-bit)

R is free software and comes with ABSOLUTELY NO WARRANTY.
You are welcome to redistribute it under certain conditions.
Type 'license()' or 'licence()' for distribution details.

R is a collaborative project with many contributors.
Type 'contributors()' for more information and
'citation()' on how to cite R or R packages in publications.

Type 'demo()' for some demos, 'help()' for on-line help, or
'help.start()' for an HTML browser interface to help.
Type 'q()' to quit R.

> rmarkdown::render('simulation_study_rect.Rmd')
1/61                                                                                    
2/61 [libraries]                                                                        
3/61                                                                                    
4/61 [global variables]                                                                 
5/61                                                                                    
6/61 [create rectangle]                                                                 
7/61                                                                                    
8/61 [plot rectangle]                                                                   
9/61                                                                                    
10/61 [initial positions]                                                                
11/61                                                                                    
12/61 [time steps]                                                                       
13/61                                                                                    
14/61 [measurement error]                                                                
15/61                                                                                    
16/61 [smooth parameters]                                                                
17/61                                                                                    
18/61 [plot smooth parameters]                                                           
19/61                                                                                    
20/61 [approximate smooth omega with DistanceShore splines]                              
21/61                                                                                    
22/61 [approximate smooth omega with ExpShore splines]                                   
23/61                                                                                    
24/61 [estimated spline coeffs]                                                          
25/61                                                                                    
26/61 [spline smooth omega definition]                                                   
27/61                                                                                    
28/61 [plot spline smooth omega]                                                         
29/61                                                                                    
30/61 [parallel generate hf low errors samples]                                          
31/61                                                                                    
32/61 [percentage of low error samples that reached land]                                
33/61                                                                                    
34/61 [plot one batch low error samples]                                                 
35/61                                                                                    
36/61 [compute covs]                                                                     
37/61                                                                                    
38/61 [estimate te ExpShore for low error samples]                                       
39/61                                                                                    
40/61 [plot estimates te ExpShore for one batch of low error samples]                    
41/61                                                                                    
42/61 [violin plots spline coeff te ExpShore for one batch of low error samples]         
43/61                                                                                    
44/61 [violin plots spline coeff te ExpShore all batches with low measurement error]     
45/61                                                                                    
46/61 [simulate fitted te ExpShore low error samples]                                    
47/61                                                                                    
48/61 [plot sim te ExpSHore low error samples]                                           
49/61                                                                                    
50/61 [estimate te DistanceShore for low error samples]                                  
51/61                                                                                    
52/61 [plot estimates te DistanceShore for one batch of low error samples]               
53/61                                                                                    
54/61 [violin plots spline coeffs te DistanceShore for one batch of low error sample]    
55/61                                                                                    
56/61 [simulate fitted te DistanceShore low error samples]                               
57/61                                                                                    
58/61 [plot sim te DistanceShore low error samples]                                      
59/61                                                                                    
60/61 [violin plots spline coeff te DistanceShore all batches with low measurement error]
61/61                                                                                    
/home/delporta/.guix-profile/bin/pandoc +RTS -K512m -RTS simulation_study_rect.knit.md --to html4 --from markdown+autolink_bare_uris+tex_math_single_backslash --output simulation_study_rect.html --lua-filter /gnu/store/n82a1vh6wi7ra33bjrj25022x1k3mvz9-r-rmarkdown-2.26/site-library/rmarkdown/rmarkdown/lua/pagebreak.lua --lua-filter /gnu/store/n82a1vh6wi7ra33bjrj25022x1k3mvz9-r-rmarkdown-2.26/site-library/rmarkdown/rmarkdown/lua/latex-div.lua --embed-resources --standalone --variable bs3=TRUE --section-divs --template /gnu/store/n82a1vh6wi7ra33bjrj25022x1k3mvz9-r-rmarkdown-2.26/site-library/rmarkdown/rmd/h/default.html --no-highlight --variable highlightjs=1 --variable theme=bootstrap --mathjax --variable 'mathjax-url=https://mathjax.rstudio.com/latest/MathJax.js?config=TeX-AMS-MML_HTMLorMML' --include-in-header /tmp/RtmpNHCts2/rmarkdown-str7544730a070b.html 
> 
> 
